<?xml version="1.0" encoding="UTF-8"?>
<testng-results skipped="0" failed="0" ignored="0" total="1" passed="1">
  <reporter-output>
  </reporter-output>
  <suite name="Practice Suite" duration-ms="46649" started-at="2020-05-10T16:56:27 IST" finished-at="2020-05-10T16:57:14 IST">
    <groups>
    </groups>
    <test name="Test Basics" duration-ms="46649" started-at="2020-05-10T16:56:27 IST" finished-at="2020-05-10T16:57:14 IST">
      <class name="com.test.TC1.BaseClass">
        <test-method status="PASS" signature="baseSetup()[pri:0, instance:com.test.TC1.BaseClass@3a883ce7]" name="baseSetup" duration-ms="46550" started-at="2020-05-10T16:56:27 IST" finished-at="2020-05-10T16:57:14 IST">
          <reporter-output>
          </reporter-output>
        </test-method> <!-- baseSetup -->
      </class> <!-- com.test.TC1.BaseClass -->
    </test> <!-- Test Basics -->
  </suite> <!-- Practice Suite -->
</testng-results>
